#
# A fatal error has been detected by the Java Runtime Environment:
#
#  SIGBUS (0x7) at pc=0xb67edb1f, pid=12217, tid=3004992320
#
# JRE version: 6.0_30-b30
# Java VM: OpenJDK Client VM (23.25-b01 mixed mode, sharing linux-x86 )
# Problematic frame:
# C  [libzip.so+0x4b1f]  Java_java_util_zip_ZipEntry_initFields+0x104f
#
# Failed to write core dump. Core dumps have been disabled. To enable core dumping, try "ulimit -c unlimited" before starting Java again
#
# If you would like to submit a bug report, please include
# instructions how to reproduce the bug and visit:
#   https://bugs.launchpad.net/ubuntu/+source/openjdk-6/
# The crash happened outside the Java Virtual Machine in native code.
# See problematic frame for where to report the bug.
#

---------------  T H R E A D  ---------------

Current thread (0xb3647c00):  JavaThread "qtp23672335-22 - GET /blog/2014/04/14/multibit-hd-brit.html" [_thread_in_native, id=12239, stack(0xb3178000,0xb31c9000)]

siginfo:si_signo=SIGBUS: si_errno=0, si_code=2 (BUS_ADRERR), si_addr=0xb3a9e508

Registers:
EAX=0xb6862b60, EBX=0xb67f1ff4, ECX=0xb3a9e4eb, EDX=0xb76a3440
ESP=0xb31c6010, EBP=0xb31c6058, ESI=0xb3a73728, EDI=0xb6862b60
EIP=0xb67edb1f, EFLAGS=0x00010286, CR2=0xb3a9e508

Top of Stack: (sp=0xb31c6010)
0xb31c6010:   00000030 b6862b60 b31c6058 b6d9d61d
0xb31c6020:   b6862c08 b70bcff4 00000033 b6d793ab
0xb31c6030:   b31c6078 b6862b60 b67f1ff4 09d3a238
0xb31c6040:   b6862c08 00000033 b67edadd b67f1ff4
0xb31c6050:   b3a73724 b6862b60 b31c6098 b67ee572
0xb31c6060:   09d12a50 b31c60ea b3647c00 00000000
0xb31c6070:   b31c608c b3647c00 09d13638 f2fc6523
0xb31c6080:   b31c60ba 00000000 b3647c00 b67f1ff4 

Instructions: (pc=0xb67edb1f)
0xb67edaff:   00 c7 00 00 00 00 00 c7 40 24 00 00 00 00 c7 40
0xb67edb0f:   20 00 00 00 00 8b 45 dc 8b 0e 2b 48 1c 03 48 10
0xb67edb1f:   0f b6 51 1d 0f b6 41 1c 0f b6 71 0e c1 e2 08 09
0xb67edb2f:   c2 0f b6 41 0d 89 55 e0 0f b6 51 1e c1 e0 08 88 

Register to memory mapping:

EAX=0xb6862b60 is an unknown value
EBX=0xb67f1ff4: <offset 0x8ff4> in /usr/lib/jvm/java-6-openjdk-i386/jre/lib/i386/libzip.so at 0xb67e9000
ECX=0xb3a9e4eb is an unknown value
EDX=0xb76a3440: <offset 0x1a6440> in /lib/i386-linux-gnu/libc.so.6 at 0xb74fd000
ESP=0xb31c6010 is pointing into the stack for thread: 0xb3647c00
EBP=0xb31c6058 is pointing into the stack for thread: 0xb3647c00
ESI=0xb3a73728 is an unknown value
EDI=0xb6862b60 is an unknown value


Stack: [0xb3178000,0xb31c9000],  sp=0xb31c6010,  free space=312k
Native frames: (J=compiled Java code, j=interpreted, Vv=VM code, C=native code)
C  [libzip.so+0x4b1f]  Java_java_util_zip_ZipEntry_initFields+0x104f
C  [libzip.so+0x5572]  ZIP_GetEntry+0xb2
C  [libzip.so+0x3514]  Java_java_util_zip_ZipFile_getEntry+0x104
J  java.util.zip.ZipFile.getEntry(JLjava/lang/String;Z)J
J  java.util.zip.ZipFile.getEntry(Ljava/lang/String;)Ljava/util/zip/ZipEntry;
v  ~StubRoutines::call_stub
V  [libjvm.so+0x266e6f]  JavaCalls::call_helper(JavaValue*, methodHandle*, JavaCallArguments*, Thread*)+0x55f

Java frames: (J=compiled Java code, j=interpreted, Vv=VM code)
J  java.util.zip.ZipFile.getEntry(JLjava/lang/String;Z)J
J  java.util.zip.ZipFile.getEntry(Ljava/lang/String;)Ljava/util/zip/ZipEntry;
J  java.util.jar.JarFile.getEntry(Ljava/lang/String;)Ljava/util/zip/ZipEntry;
J  sun.misc.URLClassPath$JarLoader.getResource(Ljava/lang/String;Z)Lsun/misc/Resource;
J  sun.misc.URLClassPath$JarLoader.findResource(Ljava/lang/String;Z)Ljava/net/URL;
J  sun.misc.URLClassPath.findResource(Ljava/lang/String;Z)Ljava/net/URL;
j  java.net.URLClassLoader$2.run()Ljava/lang/Object;+12
v  ~StubRoutines::call_stub
j  java.security.AccessController.doPrivileged(Ljava/security/PrivilegedAction;Ljava/security/AccessControlContext;)Ljava/lang/Object;+0
j  java.net.URLClassLoader.findResource(Ljava/lang/String;)Ljava/net/URL;+13
j  java.lang.ClassLoader.getResource(Ljava/lang/String;)Ljava/net/URL;+30
j  java.lang.ClassLoader.getResourceAsStream(Ljava/lang/String;)Ljava/io/InputStream;+2
j  java.lang.Class.getResourceAsStream(Ljava/lang/String;)Ljava/io/InputStream;+22
j  org.multibit.site.model.BaseModel.<init>(Ljava/lang/String;)V+78
j  org.multibit.site.resources.PublicPageResource.getLanguageSpecificBlogPage(Ljava/lang/String;Ljava/lang/String;Ljava/lang/String;Ljava/lang/String;Ljava/lang/String;)Lorg/multibit/site/views/PublicFreemarkerView;+70
j  org.multibit.site.resources.PublicPageResource.getDefaultBlogPage(Ljava/lang/String;Ljava/lang/String;Ljava/lang/String;Ljava/lang/String;)Lorg/multibit/site/views/PublicFreemarkerView;+8
v  ~StubRoutines::call_stub
j  sun.reflect.NativeMethodAccessorImpl.invoke0(Ljava/lang/reflect/Method;Ljava/lang/Object;[Ljava/lang/Object;)Ljava/lang/Object;+0
j  sun.reflect.NativeMethodAccessorImpl.invoke(Ljava/lang/Object;[Ljava/lang/Object;)Ljava/lang/Object;+87
j  sun.reflect.DelegatingMethodAccessorImpl.invoke(Ljava/lang/Object;[Ljava/lang/Object;)Ljava/lang/Object;+6
j  java.lang.reflect.Method.invoke(Ljava/lang/Object;[Ljava/lang/Object;)Ljava/lang/Object;+161
j  com.sun.jersey.spi.container.JavaMethodInvokerFactory$1.invoke(Ljava/lang/reflect/Method;Ljava/lang/Object;[Ljava/lang/Object;)Ljava/lang/Object;+3
j  com.sun.jersey.server.impl.model.method.dispatch.AbstractResourceMethodDispatchProvider$TypeOutInvoker._dispatch(Ljava/lang/Object;Lcom/sun/jersey/api/core/HttpContext;)V+16
j  com.sun.jersey.server.impl.model.method.dispatch.ResourceJavaMethodDispatcher.dispatch(Ljava/lang/Object;Lcom/sun/jersey/api/core/HttpContext;)V+3
j  com.yammer.dropwizard.jersey.caching.CacheControlledResourceMethodDispatchAdapter$CacheControlledRequestDispatcher.dispatch(Ljava/lang/Object;Lcom/sun/jersey/api/core/HttpContext;)V+6
j  com.yammer.dropwizard.jersey.OptionalResourceMethodDispatchAdapter$OptionalRequestDispatcher.dispatch(Ljava/lang/Object;Lcom/sun/jersey/api/core/HttpContext;)V+6
j  com.sun.jersey.server.impl.uri.rules.HttpMethodRule.accept(Ljava/lang/CharSequence;Ljava/lang/Object;Lcom/sun/jersey/spi/uri/rules/UriRuleContext;)Z+647
j  com.sun.jersey.server.impl.uri.rules.RightHandPathRule.accept(Ljava/lang/CharSequence;Ljava/lang/Object;Lcom/sun/jersey/spi/uri/rules/UriRuleContext;)Z+242
j  com.sun.jersey.server.impl.uri.rules.ResourceClassRule.accept(Ljava/lang/CharSequence;Ljava/lang/Object;Lcom/sun/jersey/spi/uri/rules/UriRuleContext;)Z+137
j  com.sun.jersey.server.impl.uri.rules.RightHandPathRule.accept(Ljava/lang/CharSequence;Ljava/lang/Object;Lcom/sun/jersey/spi/uri/rules/UriRuleContext;)Z+242
j  com.sun.jersey.server.impl.uri.rules.RootResourceClassesRule.accept(Ljava/lang/CharSequence;Ljava/lang/Object;Lcom/sun/jersey/spi/uri/rules/UriRuleContext;)Z+86
j  com.sun.jersey.server.impl.application.WebApplicationImpl._handleRequest(Lcom/sun/jersey/server/impl/application/WebApplicationContext;Lcom/sun/jersey/spi/container/ContainerRequest;)V+100
j  com.sun.jersey.server.impl.application.WebApplicationImpl._handleRequest(Lcom/sun/jersey/server/impl/application/WebApplicationContext;Lcom/sun/jersey/spi/container/ContainerRequest;Lcom/sun/jersey/spi/container/ContainerResponse;)V+19
j  com.sun.jersey.server.impl.application.WebApplicationImpl.handleRequest(Lcom/sun/jersey/spi/container/ContainerRequest;Lcom/sun/jersey/spi/container/ContainerResponse;)V+23
j  com.sun.jersey.server.impl.application.WebApplicationImpl.handleRequest(Lcom/sun/jersey/spi/container/ContainerRequest;Lcom/sun/jersey/spi/container/ContainerResponseWriter;)V+14
j  com.sun.jersey.spi.container.servlet.WebComponent.service(Ljava/net/URI;Ljava/net/URI;Ljavax/servlet/http/HttpServletRequest;Ljavax/servlet/http/HttpServletResponse;)I+80
j  com.sun.jersey.spi.container.servlet.ServletContainer.service(Ljava/net/URI;Ljava/net/URI;Ljavax/servlet/http/HttpServletRequest;Ljavax/servlet/http/HttpServletResponse;)I+9
j  com.sun.jersey.spi.container.servlet.ServletContainer.service(Ljavax/servlet/http/HttpServletRequest;Ljavax/servlet/http/HttpServletResponse;)V+394
j  javax.servlet.http.HttpServlet.service(Ljavax/servlet/ServletRequest;Ljavax/servlet/ServletResponse;)V+30
j  org.eclipse.jetty.servlet.ServletHolder.handle(Lorg/eclipse/jetty/server/Request;Ljavax/servlet/ServletRequest;Ljavax/servlet/ServletResponse;)V+199
j  org.eclipse.jetty.servlet.ServletHandler$CachedChain.doFilter(Ljavax/servlet/ServletRequest;Ljavax/servlet/ServletResponse;)V+237
j  org.multibit.site.servlets.SafeLocaleFilter.doFilter(Ljavax/servlet/ServletRequest;Ljavax/servlet/ServletResponse;Ljavax/servlet/FilterChain;)V+24
j  org.eclipse.jetty.servlet.ServletHandler$CachedChain.doFilter(Ljavax/servlet/ServletRequest;Ljavax/servlet/ServletResponse;)V+100
j  com.yammer.dropwizard.servlets.ThreadNameFilter.doFilter(Ljavax/servlet/ServletRequest;Ljavax/servlet/ServletResponse;Ljavax/servlet/FilterChain;)V+33
j  org.eclipse.jetty.servlet.ServletHandler$CachedChain.doFilter(Ljavax/servlet/ServletRequest;Ljavax/servlet/ServletResponse;)V+100
j  org.eclipse.jetty.servlet.ServletHandler.doHandle(Ljava/lang/String;Lorg/eclipse/jetty/server/Request;Ljavax/servlet/http/HttpServletRequest;Ljavax/servlet/http/HttpServletResponse;)V+197
j  org.eclipse.jetty.server.session.SessionHandler.doHandle(Ljava/lang/String;Lorg/eclipse/jetty/server/Request;Ljavax/servlet/http/HttpServletRequest;Ljavax/servlet/http/HttpServletResponse;)V+46
j  org.eclipse.jetty.server.handler.ContextHandler.doHandle(Ljava/lang/String;Lorg/eclipse/jetty/server/Request;Ljavax/servlet/http/HttpServletRequest;Ljavax/servlet/http/HttpServletResponse;)V+206
j  org.eclipse.jetty.servlet.ServletHandler.doScope(Ljava/lang/String;Lorg/eclipse/jetty/server/Request;Ljavax/servlet/http/HttpServletRequest;Ljavax/servlet/http/HttpServletResponse;)V+277
j  org.eclipse.jetty.server.session.SessionHandler.doScope(Ljava/lang/String;Lorg/eclipse/jetty/server/Request;Ljavax/servlet/http/HttpServletRequest;Ljavax/servlet/http/HttpServletResponse;)V+233
j  org.eclipse.jetty.server.handler.ContextHandler.doScope(Ljava/lang/String;Lorg/eclipse/jetty/server/Request;Ljavax/servlet/http/HttpServletRequest;Ljavax/servlet/http/HttpServletResponse;)V+437
j  org.eclipse.jetty.server.handler.ScopedHandler.handle(Ljava/lang/String;Lorg/eclipse/jetty/server/Request;Ljavax/servlet/http/HttpServletRequest;Ljavax/servlet/http/HttpServletResponse;)V+13
j  org.eclipse.jetty.server.handler.HandlerWrapper.handle(Ljava/lang/String;Lorg/eclipse/jetty/server/Request;Ljavax/servlet/http/HttpServletRequest;Ljavax/servlet/http/HttpServletResponse;)V+23
j  com.yammer.metrics.jetty.InstrumentedHandler.handle(Ljava/lang/String;Lorg/eclipse/jetty/server/Request;Ljavax/servlet/http/HttpServletRequest;Ljavax/servlet/http/HttpServletResponse;)V+76
j  org.eclipse.jetty.server.handler.GzipHandler.handle(Ljava/lang/String;Lorg/eclipse/jetty/server/Request;Ljavax/servlet/http/HttpServletRequest;Ljavax/servlet/http/HttpServletResponse;)V+132
j  com.yammer.dropwizard.jetty.BiDiGzipHandler.handle(Ljava/lang/String;Lorg/eclipse/jetty/server/Request;Ljavax/servlet/http/HttpServletRequest;Ljavax/servlet/http/HttpServletResponse;)V+46
j  org.eclipse.jetty.server.handler.HandlerCollection.handle(Ljava/lang/String;Lorg/eclipse/jetty/server/Request;Ljavax/servlet/http/HttpServletRequest;Ljavax/servlet/http/HttpServletResponse;)V+42
j  org.eclipse.jetty.server.handler.HandlerWrapper.handle(Ljava/lang/String;Lorg/eclipse/jetty/server/Request;Ljavax/servlet/http/HttpServletRequest;Ljavax/servlet/http/HttpServletResponse;)V+23
j  org.eclipse.jetty.server.Server.handle(Lorg/eclipse/jetty/server/AbstractHttpConnection;)V+146
j  org.eclipse.jetty.server.AbstractHttpConnection.handleRequest()V+323
j  org.eclipse.jetty.server.BlockingHttpConnection.handleRequest()V+1
j  org.eclipse.jetty.server.AbstractHttpConnection.headerComplete()V+448
j  org.eclipse.jetty.server.AbstractHttpConnection$RequestHandler.headerComplete()V+4
J  org.eclipse.jetty.http.HttpParser.parseNext()I
j  org.eclipse.jetty.http.HttpParser.parseAvailable()Z+1
j  org.eclipse.jetty.server.BlockingHttpConnection.handle()Lorg/eclipse/jetty/io/Connection;+51
j  org.eclipse.jetty.server.nio.BlockingChannelConnector$BlockingChannelEndPoint.run()V+129
j  org.eclipse.jetty.util.thread.QueuedThreadPool.runJob(Ljava/lang/Runnable;)V+1
j  org.eclipse.jetty.util.thread.QueuedThreadPool$3.run()V+47
j  java.lang.Thread.run()V+11
v  ~StubRoutines::call_stub

---------------  P R O C E S S  ---------------

Java Threads: ( => current thread )
  0x09d39800 JavaThread "pool-15-thread-1" [_thread_blocked, id=12304, stack(0xb2627000,0xb2678000)]
  0x09d20000 JavaThread "pool-14-thread-1" [_thread_blocked, id=12303, stack(0xb271a000,0xb276b000)]
  0x09d08800 JavaThread "pool-13-thread-1" [_thread_blocked, id=12302, stack(0xb2678000,0xb26c9000)]
  0x09d08000 JavaThread "pool-12-thread-1" [_thread_blocked, id=12299, stack(0xb31c9000,0xb321a000)]
  0x09d92400 JavaThread "pool-11-thread-1" [_thread_blocked, id=12280, stack(0xb32bc000,0xb330d000)]
  0x09d72400 JavaThread "pool-10-thread-1" [_thread_blocked, id=12277, stack(0xb276b000,0xb27bc000)]
  0xb4007400 JavaThread "pool-5-thread-1" [_thread_blocked, id=12259, stack(0xb27bc000,0xb280d000)]
  0xb292d000 JavaThread "qtp23672335-36" [_thread_blocked, id=12258, stack(0xb280d000,0xb285e000)]
  0xb292bc00 JavaThread "qtp23672335-35" [_thread_blocked, id=12257, stack(0xb285e000,0xb28af000)]
  0x09d6dc00 JavaThread "pool-4-thread-1" [_thread_blocked, id=12256, stack(0xb28af000,0xb2900000)]
  0xb358ac00 JavaThread "pool-3-thread-1" [_thread_blocked, id=12255, stack(0xb2e4e000,0xb2e9f000)]
  0xb6806800 JavaThread "DestroyJavaVM" [_thread_blocked, id=12218, stack(0xb6975000,0xb69c6000)]
  0xb36d4800 JavaThread "qtp30265389-31 Acceptor0 SocketConnector@0.0.0.0:8081" [_thread_in_native, id=12248, stack(0xb2e9f000,0xb2ef0000)]
  0xb36d3000 JavaThread "qtp30265389-30" [_thread_blocked, id=12247, stack(0xb2ef0000,0xb2f41000)]
  0xb36d1400 JavaThread "qtp30265389-29" [_thread_blocked, id=12246, stack(0xb2f41000,0xb2f92000)]
  0xb36cfc00 JavaThread "qtp30265389-28" [_thread_blocked, id=12245, stack(0xb2f92000,0xb2fe3000)]
  0xb36ce400 JavaThread "qtp30265389-27" [_thread_blocked, id=12244, stack(0xb2fe3000,0xb3034000)]
  0xb36ccc00 JavaThread "qtp30265389-26" [_thread_blocked, id=12243, stack(0xb3034000,0xb3085000)]
  0xb36cb000 JavaThread "qtp30265389-25" [_thread_blocked, id=12242, stack(0xb3085000,0xb30d6000)]
  0xb36c9400 JavaThread "qtp30265389-24" [_thread_blocked, id=12241, stack(0xb30d6000,0xb3127000)]
  0xb3649400 JavaThread "qtp23672335-23" [_thread_blocked, id=12240, stack(0xb3127000,0xb3178000)]
=>0xb3647c00 JavaThread "qtp23672335-22 - GET /blog/2014/04/14/multibit-hd-brit.html" [_thread_in_native, id=12239, stack(0xb3178000,0xb31c9000)]
  0xb6835000 JavaThread "qtp23672335-20" [_thread_blocked, id=12237, stack(0xb321a000,0xb326b000)]
  0xb6833400 JavaThread "qtp23672335-19" [_thread_blocked, id=12236, stack(0xb326b000,0xb32bc000)]
  0xb6830400 JavaThread "qtp23672335-17" [_thread_blocked, id=12234, stack(0xb330d000,0xb335e000)]
  0xb37fbc00 JavaThread "qtp23672335-16 Acceptor0 InstrumentedBlockingChannelConnector@0.0.0.0:8080" [_thread_in_native, id=12233, stack(0xb335e000,0xb33af000)]
  0xb37fa800 JavaThread "async-request-log-dispatcher-1" daemon [_thread_blocked, id=12232, stack(0xb33af000,0xb3400000)]
  0xb350a400 JavaThread "HashSessionScavenger-0" daemon [_thread_blocked, id=12231, stack(0xb380d000,0xb385e000)]
  0xb37a1800 JavaThread "metrics-meter-tick-thread-2" daemon [_thread_blocked, id=12230, stack(0xb385e000,0xb38af000)]
  0xb37a0400 JavaThread "metrics-meter-tick-thread-1" daemon [_thread_blocked, id=12229, stack(0xb38af000,0xb3900000)]
  0xb3760000 JavaThread "async-log-appender-0" daemon [_thread_blocked, id=12228, stack(0xb3a21000,0xb3a72000)]
  0xb6841400 JavaThread "Low Memory Detector" daemon [_thread_blocked, id=12224, stack(0xb3d2e000,0xb3d7f000)]
  0xb683f400 JavaThread "C1 CompilerThread0" daemon [_thread_blocked, id=12223, stack(0xb3d7f000,0xb3e00000)]
  0xb683d800 JavaThread "Signal Dispatcher" daemon [_thread_blocked, id=12222, stack(0xb410d000,0xb415e000)]
  0xb6839400 JavaThread "Finalizer" daemon [_thread_blocked, id=12221, stack(0xb415e000,0xb41af000)]
  0xb6837c00 JavaThread "Reference Handler" daemon [_thread_blocked, id=12220, stack(0xb41af000,0xb4200000)]

Other Threads:
  0xb682dc00 VMThread [stack: 0xb432d000,0xb43ae000] [id=12219]
  0xb6843800 WatcherThread [stack: 0xb3cad000,0xb3d2e000] [id=12225]

VM state:not at safepoint (normal execution)

VM Mutex/Monitor currently owned by a thread: None

Heap
 def new generation   total 4736K, used 4162K [0x6f980000, 0x6fea0000, 0x79ed0000)
  eden space 4224K,  86% used [0x6f980000, 0x6fd14680, 0x6fda0000)
  from space 512K,  97% used [0x6fda0000, 0x6fe1c3c0, 0x6fe20000)
  to   space 512K,   0% used [0x6fe20000, 0x6fe20000, 0x6fea0000)
 tenured generation   total 10624K, used 6609K [0x79ed0000, 0x7a930000, 0x8e980000)
   the space 10624K,  62% used [0x79ed0000, 0x7a5447a0, 0x7a544800, 0x7a930000)
 compacting perm gen  total 15104K, used 14978K [0x8e980000, 0x8f840000, 0x92980000)
   the space 15104K,  99% used [0x8e980000, 0x8f820bc0, 0x8f820c00, 0x8f840000)
    ro space 10240K,  56% used [0x92980000, 0x92f1ba38, 0x92f1bc00, 0x93380000)
    rw space 12288K,  60% used [0x93380000, 0x93aca570, 0x93aca600, 0x93f80000)

Card table byte_map: [0xb4645000,0xb4769000] byte_map_base: 0xb42c8400

Polling page: 0xb76cf000

Code Cache  [0xb47e9000, 0xb4a49000, 0xb67e9000)
 total_blobs=1235 nmethods=1060 adapters=110 free_code_cache=30352Kb largest_free_block=31077824

Compilation events (10 events):
Event: 613.949 Thread 0xb683f400 1090             java.util.concurrent.ConcurrentHashMap$HashIterator::<init> (30 bytes)
Event: 613.949 Thread 0xb683f400 nmethod 1090 0xb4a44a88 code [0xb4a44b90, 0xb4a44c4c]
Event: 616.558 Thread 0xb683f400 1091             org.eclipse.jetty.util.ConcurrentHashSet::iterator (10 bytes)
Event: 616.558 Thread 0xb683f400 nmethod 1091 0xb4a44d08 code [0xb4a44e10, 0xb4a44eac]
Event: 616.558 Thread 0xb683f400 1092             java.util.concurrent.ConcurrentHashMap$KeySet::iterator (12 bytes)
Event: 616.559 Thread 0xb683f400 nmethod 1092 0xb4a44f08 code [0xb4a45010, 0xb4a4512c]
Event: 718.816 Thread 0xb683f400 1094             java.util.concurrent.locks.AbstractQueuedSynchronizer$Node::<init> (15 bytes)
Event: 718.817 Thread 0xb683f400 nmethod 1094 0xb4a454c8 code [0xb4a455c0, 0xb4a45660]
Event: 726.061 Thread 0xb683f400 1095             java.util.concurrent.locks.AbstractQueuedSynchronizer::addWaiter (50 bytes)
Event: 726.062 Thread 0xb683f400 nmethod 1095 0xb4a456c8 code [0xb4a457e0, 0xb4a4597c]

GC Heap History (10 events):
Event: 18.944 GC heap before
{Heap before GC invocations=19 (full 0):
 def new generation   total 4736K, used 4471K [0x6f980000, 0x6fea0000, 0x79ed0000)
  eden space 4224K, 100% used [0x6f980000, 0x6fda0000, 0x6fda0000)
  from space 512K,  48% used [0x6fe20000, 0x6fe5dd60, 0x6fea0000)
  to   space 512K,   0% used [0x6fda0000, 0x6fda0000, 0x6fe20000)
 tenured generation   total 10624K, used 3985K [0x79ed0000, 0x7a930000, 0x8e980000)
   the space 10624K,  37% used [0x79ed0000, 0x7a2b4588, 0x7a2b4600, 0x7a930000)
 compacting perm gen  total 14080K, used 13979K [0x8e980000, 0x8f740000, 0x92980000)
   the space 14080K,  99% used [0x8e980000, 0x8f726d20, 0x8f726e00, 0x8f740000)
    ro space 10240K,  56% used [0x92980000, 0x92f1ba38, 0x92f1bc00, 0x93380000)
    rw space 12288K,  60% used [0x93380000, 0x93aca570, 0x93aca600, 0x93f80000)
Event: 18.975 GC heap after
Heap after GC invocations=20 (full 0):
 def new generation   total 4736K, used 512K [0x6f980000, 0x6fea0000, 0x79ed0000)
  eden space 4224K,   0% used [0x6f980000, 0x6f980000, 0x6fda0000)
  from space 512K, 100% used [0x6fda0000, 0x6fe20000, 0x6fe20000)
  to   space 512K,   0% used [0x6fe20000, 0x6fe20000, 0x6fea0000)
 tenured generation   total 10624K, used 4417K [0x79ed0000, 0x7a930000, 0x8e980000)
   the space 10624K,  41% used [0x79ed0000, 0x7a3207a8, 0x7a320800, 0x7a930000)
 compacting perm gen  total 14080K, used 13979K [0x8e980000, 0x8f740000, 0x92980000)
   the space 14080K,  99% used [0x8e980000, 0x8f726d20, 0x8f726e00, 0x8f740000)
    ro space 10240K,  56% used [0x92980000, 0x92f1ba38, 0x92f1bc00, 0x93380000)
    rw space 12288K,  60% used [0x93380000, 0x93aca570, 0x93aca600, 0x93f80000)
}
Event: 19.455 GC heap before
{Heap before GC invocations=20 (full 0):
 def new generation   total 4736K, used 4736K [0x6f980000, 0x6fea0000, 0x79ed0000)
  eden space 4224K, 100% used [0x6f980000, 0x6fda0000, 0x6fda0000)
  from space 512K, 100% used [0x6fda0000, 0x6fe20000, 0x6fe20000)
  to   space 512K,   0% used [0x6fe20000, 0x6fe20000, 0x6fea0000)
 tenured generation   total 10624K, used 4417K [0x79ed0000, 0x7a930000, 0x8e980000)
   the space 10624K,  41% used [0x79ed0000, 0x7a3207a8, 0x7a320800, 0x7a930000)
 compacting perm gen  total 14592K, used 14368K [0x8e980000, 0x8f7c0000, 0x92980000)
   the space 14592K,  98% used [0x8e980000, 0x8f7883a8, 0x8f788400, 0x8f7c0000)
    ro space 10240K,  56% used [0x92980000, 0x92f1ba38, 0x92f1bc00, 0x93380000)
    rw space 12288K,  60% used [0x93380000, 0x93aca570, 0x93aca600, 0x93f80000)
Event: 19.483 GC heap after
Heap after GC invocations=21 (full 0):
 def new generation   total 4736K, used 512K [0x6f980000, 0x6fea0000, 0x79ed0000)
  eden space 4224K,   0% used [0x6f980000, 0x6f980000, 0x6fda0000)
  from space 512K, 100% used [0x6fe20000, 0x6fea0000, 0x6fea0000)
  to   space 512K,   0% used [0x6fda0000, 0x6fda0000, 0x6fe20000)
 tenured generation   total 10624K, used 5352K [0x79ed0000, 0x7a930000, 0x8e980000)
   the space 10624K,  50% used [0x79ed0000, 0x7a40a130, 0x7a40a200, 0x7a930000)
 compacting perm gen  total 14592K, used 14368K [0x8e980000, 0x8f7c0000, 0x92980000)
   the space 14592K,  98% used [0x8e980000, 0x8f7883a8, 0x8f788400, 0x8f7c0000)
    ro space 10240K,  56% used [0x92980000, 0x92f1ba38, 0x92f1bc00, 0x93380000)
    rw space 12288K,  60% used [0x93380000, 0x93aca570, 0x93aca600, 0x93f80000)
}
Event: 23.411 GC heap before
{Heap before GC invocations=21 (full 0):
 def new generation   total 4736K, used 4716K [0x6f980000, 0x6fea0000, 0x79ed0000)
  eden space 4224K,  99% used [0x6f980000, 0x6fd9b360, 0x6fda0000)
  from space 512K, 100% used [0x6fe20000, 0x6fea0000, 0x6fea0000)
  to   space 512K,   0% used [0x6fda0000, 0x6fda0000, 0x6fe20000)
 tenured generation   total 10624K, used 5352K [0x79ed0000, 0x7a930000, 0x8e980000)
   the space 10624K,  50% used [0x79ed0000, 0x7a40a130, 0x7a40a200, 0x7a930000)
 compacting perm gen  total 14592K, used 14542K [0x8e980000, 0x8f7c0000, 0x92980000)
   the space 14592K,  99% used [0x8e980000, 0x8f7b3a90, 0x8f7b3c00, 0x8f7c0000)
    ro space 10240K,  56% used [0x92980000, 0x92f1ba38, 0x92f1bc00, 0x93380000)
    rw space 12288K,  60% used [0x93380000, 0x93aca570, 0x93aca600, 0x93f80000)
Event: 23.438 GC heap after
Heap after GC invocations=22 (full 0):
 def new generation   total 4736K, used 512K [0x6f980000, 0x6fea0000, 0x79ed0000)
  eden space 4224K,   0% used [0x6f980000, 0x6f980000, 0x6fda0000)
  from space 512K, 100% used [0x6fda0000, 0x6fe20000, 0x6fe20000)
  to   space 512K,   0% used [0x6fe20000, 0x6fe20000, 0x6fea0000)
 tenured generation   total 10624K, used 6129K [0x79ed0000, 0x7a930000, 0x8e980000)
   the space 10624K,  57% used [0x79ed0000, 0x7a4cc528, 0x7a4cc600, 0x7a930000)
 compacting perm gen  total 14592K, used 14542K [0x8e980000, 0x8f7c0000, 0x92980000)
   the space 14592K,  99% used [0x8e980000, 0x8f7b3a90, 0x8f7b3c00, 0x8f7c0000)
    ro space 10240K,  56% used [0x92980000, 0x92f1ba38, 0x92f1bc00, 0x93380000)
    rw space 12288K,  60% used [0x93380000, 0x93aca570, 0x93aca600, 0x93f80000)
}
Event: 24.032 GC heap before
{Heap before GC invocations=22 (full 0):
 def new generation   total 4736K, used 4736K [0x6f980000, 0x6fea0000, 0x79ed0000)
  eden space 4224K, 100% used [0x6f980000, 0x6fda0000, 0x6fda0000)
  from space 512K, 100% used [0x6fda0000, 0x6fe20000, 0x6fe20000)
  to   space 512K,   0% used [0x6fe20000, 0x6fe20000, 0x6fea0000)
 tenured generation   total 10624K, used 6129K [0x79ed0000, 0x7a930000, 0x8e980000)
   the space 10624K,  57% used [0x79ed0000, 0x7a4cc528, 0x7a4cc600, 0x7a930000)
 compacting perm gen  total 14848K, used 14716K [0x8e980000, 0x8f800000, 0x92980000)
   the space 14848K,  99% used [0x8e980000, 0x8f7df040, 0x8f7df200, 0x8f800000)
    ro space 10240K,  56% used [0x92980000, 0x92f1ba38, 0x92f1bc00, 0x93380000)
    rw space 12288K,  60% used [0x93380000, 0x93aca570, 0x93aca600, 0x93f80000)
Event: 24.047 GC heap after
Heap after GC invocations=23 (full 0):
 def new generation   total 4736K, used 510K [0x6f980000, 0x6fea0000, 0x79ed0000)
  eden space 4224K,   0% used [0x6f980000, 0x6f980000, 0x6fda0000)
  from space 512K,  99% used [0x6fe20000, 0x6fe9f9c0, 0x6fea0000)
  to   space 512K,   0% used [0x6fda0000, 0x6fda0000, 0x6fe20000)
 tenured generation   total 10624K, used 6262K [0x79ed0000, 0x7a930000, 0x8e980000)
   the space 10624K,  58% used [0x79ed0000, 0x7a4ed868, 0x7a4eda00, 0x7a930000)
 compacting perm gen  total 14848K, used 14716K [0x8e980000, 0x8f800000, 0x92980000)
   the space 14848K,  99% used [0x8e980000, 0x8f7df040, 0x8f7df200, 0x8f800000)
    ro space 10240K,  56% used [0x92980000, 0x92f1ba38, 0x92f1bc00, 0x93380000)
    rw space 12288K,  60% used [0x93380000, 0x93aca570, 0x93aca600, 0x93f80000)
}
Event: 46.488 GC heap before
{Heap before GC invocations=23 (full 0):
 def new generation   total 4736K, used 4734K [0x6f980000, 0x6fea0000, 0x79ed0000)
  eden space 4224K, 100% used [0x6f980000, 0x6fda0000, 0x6fda0000)
  from space 512K,  99% used [0x6fe20000, 0x6fe9f9c0, 0x6fea0000)
  to   space 512K,   0% used [0x6fda0000, 0x6fda0000, 0x6fe20000)
 tenured generation   total 10624K, used 6262K [0x79ed0000, 0x7a930000, 0x8e980000)
   the space 10624K,  58% used [0x79ed0000, 0x7a4ed868, 0x7a4eda00, 0x7a930000)
 compacting perm gen  total 15104K, used 14974K [0x8e980000, 0x8f840000, 0x92980000)
   the space 15104K,  99% used [0x8e980000, 0x8f81f9a8, 0x8f81fa00, 0x8f840000)
    ro space 10240K,  56% used [0x92980000, 0x92f1ba38, 0x92f1bc00, 0x93380000)
    rw space 12288K,  60% used [0x93380000, 0x93aca570, 0x93aca600, 0x93f80000)
Event: 46.502 GC heap after
Heap after GC invocations=24 (full 0):
 def new generation   total 4736K, used 496K [0x6f980000, 0x6fea0000, 0x79ed0000)
  eden space 4224K,   0% used [0x6f980000, 0x6f980000, 0x6fda0000)
  from space 512K,  97% used [0x6fda0000, 0x6fe1c3c0, 0x6fe20000)
  to   space 512K,   0% used [0x6fe20000, 0x6fe20000, 0x6fea0000)
 tenured generation   total 10624K, used 6609K [0x79ed0000, 0x7a930000, 0x8e980000)
   the space 10624K,  62% used [0x79ed0000, 0x7a5447a0, 0x7a544800, 0x7a930000)
 compacting perm gen  total 15104K, used 14974K [0x8e980000, 0x8f840000, 0x92980000)
   the space 15104K,  99% used [0x8e980000, 0x8f81f9a8, 0x8f81fa00, 0x8f840000)
    ro space 10240K,  56% used [0x92980000, 0x92f1ba38, 0x92f1bc00, 0x93380000)
    rw space 12288K,  60% used [0x93380000, 0x93aca570, 0x93aca600, 0x93f80000)
}

Deoptimization events (0 events):
No events

Internal exceptions (10 events):
Event: 35.572 Thread 0xb3647c00 Threw 0x6fd22ec8 at /build/buildd/openjdk-6-6b30-1.13.1/build/openjdk/hotspot/src/share/vm/classfile/systemDictionary.cpp:179
Event: 35.572 Thread 0xb3647c00 Threw 0x6fd235d8 at /build/buildd/openjdk-6-6b30-1.13.1/build/openjdk/hotspot/src/share/vm/prims/jvm.cpp:1235
Event: 35.573 Thread 0xb3647c00 Threw 0x6fd24ee8 at /build/buildd/openjdk-6-6b30-1.13.1/build/openjdk/hotspot/src/share/vm/classfile/systemDictionary.cpp:179
Event: 35.573 Thread 0xb3647c00 Threw 0x6fd255f8 at /build/buildd/openjdk-6-6b30-1.13.1/build/openjdk/hotspot/src/share/vm/prims/jvm.cpp:1235
Event: 35.574 Thread 0xb3647c00 Threw 0x6fd26eb0 at /build/buildd/openjdk-6-6b30-1.13.1/build/openjdk/hotspot/src/share/vm/classfile/systemDictionary.cpp:179
Event: 35.574 Thread 0xb3647c00 Threw 0x6fd275c0 at /build/buildd/openjdk-6-6b30-1.13.1/build/openjdk/hotspot/src/share/vm/prims/jvm.cpp:1235
Event: 35.575 Thread 0xb3647c00 Threw 0x6fd28e38 at /build/buildd/openjdk-6-6b30-1.13.1/build/openjdk/hotspot/src/share/vm/classfile/systemDictionary.cpp:179
Event: 35.575 Thread 0xb3647c00 Threw 0x6fd29548 at /build/buildd/openjdk-6-6b30-1.13.1/build/openjdk/hotspot/src/share/vm/prims/jvm.cpp:1235
Event: 46.770 Thread 0xb3647c00 Threw 0x6f9a3ee8 at /build/buildd/openjdk-6-6b30-1.13.1/build/openjdk/hotspot/src/share/vm/classfile/systemDictionary.cpp:179
Event: 46.770 Thread 0xb3647c00 Threw 0x6f9a4418 at /build/buildd/openjdk-6-6b30-1.13.1/build/openjdk/hotspot/src/share/vm/prims/jvm.cpp:1235

Events (10 events):
Event: 422.551 Executing VM operation: RevokeBias done
Event: 427.316 Thread 0x09d20000 Thread added: 0x09d20000
Event: 429.596 Thread 0x09d39800 Thread added: 0x09d39800
Event: 436.116 Executing VM operation: RevokeBias
Event: 436.117 Executing VM operation: RevokeBias done
Event: 436.117 Thread 0xb6831c00 Thread exited: 0xb6831c00
Event: 769.583 Executing VM operation: RevokeBias
Event: 769.583 Executing VM operation: RevokeBias done
Event: 769.586 Executing VM operation: RevokeBias
Event: 769.586 Executing VM operation: RevokeBias done


Dynamic libraries:
08048000-08051000 r-xp 00000000 08:01 8130322    /usr/lib/jvm/java-6-openjdk-i386/jre/bin/java
08051000-08052000 r--p 00008000 08:01 8130322    /usr/lib/jvm/java-6-openjdk-i386/jre/bin/java
08052000-08053000 rw-p 00009000 08:01 8130322    /usr/lib/jvm/java-6-openjdk-i386/jre/bin/java
09cbe000-09e43000 rw-p 00000000 00:00 0          [heap]
6f980000-6fea0000 rw-p 00000000 00:00 0 
6fea0000-79ed0000 rw-p 00000000 00:00 0 
79ed0000-7a930000 rw-p 00000000 00:00 0 
7a930000-8e980000 rw-p 00000000 00:00 0 
8e980000-8f840000 rw-p 00000000 00:00 0 
8f840000-92980000 rw-p 00000000 00:00 0 
92980000-92f1c000 r--p 00001000 08:01 8130414    /usr/lib/jvm/java-6-openjdk-i386/jre/lib/i386/client/classes.jsa
92f1c000-93380000 rw-p 00000000 00:00 0 
93380000-93acb000 rw-p 0059d000 08:01 8130414    /usr/lib/jvm/java-6-openjdk-i386/jre/lib/i386/client/classes.jsa
93acb000-93f80000 rw-p 00000000 00:00 0 
93f80000-9428e000 rw-p 00ce8000 08:01 8130414    /usr/lib/jvm/java-6-openjdk-i386/jre/lib/i386/client/classes.jsa
9428e000-94380000 rw-p 00000000 00:00 0 
94380000-94389000 r-xp 00ff6000 08:01 8130414    /usr/lib/jvm/java-6-openjdk-i386/jre/lib/i386/client/classes.jsa
94389000-94780000 rw-p 00000000 00:00 0 
b2100000-b2151000 rw-p 00000000 00:00 0 
b2151000-b2200000 ---p 00000000 00:00 0 
b222f000-b2300000 rw-p 00000000 00:00 0 
b2300000-b24f8000 rw-p 00000000 00:00 0 
b24f8000-b2500000 ---p 00000000 00:00 0 
b2500000-b25f9000 rw-p 00000000 00:00 0 
b25f9000-b2600000 ---p 00000000 00:00 0 
b2627000-b262a000 ---p 00000000 00:00 0 
b262a000-b2678000 rw-p 00000000 00:00 0          [stack:12304]
b2678000-b267b000 ---p 00000000 00:00 0 
b267b000-b26c9000 rw-p 00000000 00:00 0          [stack:12302]
b26c9000-b26cc000 ---p 00000000 00:00 0 
b26cc000-b271a000 rw-p 00000000 00:00 0 
b271a000-b271d000 ---p 00000000 00:00 0 
b271d000-b276b000 rw-p 00000000 00:00 0          [stack:12303]
b276b000-b276e000 ---p 00000000 00:00 0 
b276e000-b27bc000 rw-p 00000000 00:00 0          [stack:12277]
b27bc000-b27bf000 ---p 00000000 00:00 0 
b27bf000-b280d000 rw-p 00000000 00:00 0          [stack:12259]
b280d000-b2810000 ---p 00000000 00:00 0 
b2810000-b285e000 rw-p 00000000 00:00 0          [stack:12258]
b285e000-b2861000 ---p 00000000 00:00 0 
b2861000-b28af000 rw-p 00000000 00:00 0          [stack:12257]
b28af000-b28b2000 ---p 00000000 00:00 0 
b28b2000-b2900000 rw-p 00000000 00:00 0          [stack:12256]
b2900000-b29ff000 rw-p 00000000 00:00 0 
b29ff000-b2a00000 ---p 00000000 00:00 0 
b2a22000-b2a35000 r-xp 00000000 08:01 4195388    /lib/i386-linux-gnu/libresolv-2.15.so
b2a35000-b2a36000 ---p 00013000 08:01 4195388    /lib/i386-linux-gnu/libresolv-2.15.so
b2a36000-b2a37000 r--p 00013000 08:01 4195388    /lib/i386-linux-gnu/libresolv-2.15.so
b2a37000-b2a38000 rw-p 00014000 08:01 4195388    /lib/i386-linux-gnu/libresolv-2.15.so
b2a38000-b2a3a000 rw-p 00000000 00:00 0 
b2a3a000-b2a3f000 r-xp 00000000 08:01 4195353    /lib/i386-linux-gnu/libnss_dns-2.15.so
b2a3f000-b2a40000 r--p 00004000 08:01 4195353    /lib/i386-linux-gnu/libnss_dns-2.15.so
b2a40000-b2a41000 rw-p 00005000 08:01 4195353    /lib/i386-linux-gnu/libnss_dns-2.15.so
b2a41000-b2a43000 r-xp 00000000 08:01 4194358    /lib/libnss_mdns4_minimal.so.2
b2a43000-b2a44000 r--p 00001000 08:01 4194358    /lib/libnss_mdns4_minimal.so.2
b2a44000-b2a45000 rw-p 00002000 08:01 4194358    /lib/libnss_mdns4_minimal.so.2
b2a45000-b2aa3000 r-xp 00000000 08:01 7608009    /usr/lib/i386-linux-gnu/nss/libfreebl3.so
b2aa3000-b2aa4000 r--p 0005d000 08:01 7608009    /usr/lib/i386-linux-gnu/nss/libfreebl3.so
b2aa4000-b2aa5000 rw-p 0005e000 08:01 7608009    /usr/lib/i386-linux-gnu/nss/libfreebl3.so
b2aa5000-b2aa9000 rw-p 00000000 00:00 0 
b2aa9000-b2b4b000 r-xp 00000000 08:01 7607243    /usr/lib/i386-linux-gnu/libsqlite3.so.0.8.6
b2b4b000-b2b4c000 r--p 000a2000 08:01 7607243    /usr/lib/i386-linux-gnu/libsqlite3.so.0.8.6
b2b4c000-b2b4d000 rw-p 000a3000 08:01 7607243    /usr/lib/i386-linux-gnu/libsqlite3.so.0.8.6
b2b4d000-b2b4e000 rw-p 00000000 00:00 0 
b2b4e000-b2b8d000 r-xp 00000000 08:01 7608014    /usr/lib/i386-linux-gnu/nss/libsoftokn3.so
b2b8d000-b2b8e000 r--p 0003e000 08:01 7608014    /usr/lib/i386-linux-gnu/nss/libsoftokn3.so
b2b8e000-b2b8f000 rw-p 0003f000 08:01 7608014    /usr/lib/i386-linux-gnu/nss/libsoftokn3.so
b2b8f000-b2bc9000 r-xp 00000000 08:01 7607122    /usr/lib/i386-linux-gnu/libnspr4.so
b2bc9000-b2bca000 r--p 0003a000 08:01 7607122    /usr/lib/i386-linux-gnu/libnspr4.so
b2bca000-b2bcb000 rw-p 0003b000 08:01 7607122    /usr/lib/i386-linux-gnu/libnspr4.so
b2bcb000-b2bcd000 rw-p 00000000 00:00 0 
b2bcd000-b2bd0000 r-xp 00000000 08:01 7607170    /usr/lib/i386-linux-gnu/libplds4.so
b2bd0000-b2bd1000 r--p 00002000 08:01 7607170    /usr/lib/i386-linux-gnu/libplds4.so
b2bd1000-b2bd2000 rw-p 00003000 08:01 7607170    /usr/lib/i386-linux-gnu/libplds4.so
b2bd2000-b2cfb000 r-xp 00000000 08:01 7607123    /usr/lib/i386-linux-gnu/libnss3.so
b2cfb000-b2cfe000 r--p 00128000 08:01 7607123    /usr/lib/i386-linux-gnu/libnss3.so
b2cfe000-b2d00000 rw-p 0012b000 08:01 7607123    /usr/lib/i386-linux-gnu/libnss3.so
b2d00000-b2e00000 rw-p 00000000 00:00 0 
b2e02000-b2e06000 r-xp 00000000 08:01 7607169    /usr/lib/i386-linux-gnu/libplc4.so
b2e06000-b2e07000 r--p 00003000 08:01 7607169    /usr/lib/i386-linux-gnu/libplc4.so
b2e07000-b2e08000 rw-p 00004000 08:01 7607169    /usr/lib/i386-linux-gnu/libplc4.so
b2e08000-b2e27000 r-xp 00000000 08:01 7607131    /usr/lib/i386-linux-gnu/libnssutil3.so
b2e27000-b2e2a000 r--p 0001f000 08:01 7607131    /usr/lib/i386-linux-gnu/libnssutil3.so
b2e2a000-b2e2b000 rw-p 00022000 08:01 7607131    /usr/lib/i386-linux-gnu/libnssutil3.so
b2e3b000-b2e4c000 r-xp 00000000 08:01 8130307    /usr/lib/jvm/java-6-openjdk-i386/jre/lib/i386/libj2pkcs11.so
b2e4c000-b2e4d000 r--p 00010000 08:01 8130307    /usr/lib/jvm/java-6-openjdk-i386/jre/lib/i386/libj2pkcs11.so
b2e4d000-b2e4e000 rw-p 00011000 08:01 8130307    /usr/lib/jvm/java-6-openjdk-i386/jre/lib/i386/libj2pkcs11.so
b2e4e000-b2e51000 ---p 00000000 00:00 0 
b2e51000-b2e9f000 rw-p 00000000 00:00 0          [stack:12255]
b2e9f000-b2ea2000 ---p 00000000 00:00 0 
b2ea2000-b2ef0000 rw-p 00000000 00:00 0          [stack:12248]
b2ef0000-b2ef3000 ---p 00000000 00:00 0 
b2ef3000-b2f41000 rw-p 00000000 00:00 0          [stack:12247]
b2f41000-b2f44000 ---p 00000000 00:00 0 
b2f44000-b2f92000 rw-p 00000000 00:00 0          [stack:12246]
b2f92000-b2f95000 ---p 00000000 00:00 0 
b2f95000-b2fe3000 rw-p 00000000 00:00 0          [stack:12245]
b2fe3000-b2fe6000 ---p 00000000 00:00 0 
b2fe6000-b3034000 rw-p 00000000 00:00 0          [stack:12244]
b3034000-b3037000 ---p 00000000 00:00 0 
b3037000-b3085000 rw-p 00000000 00:00 0          [stack:12243]
b3085000-b3088000 ---p 00000000 00:00 0 
b3088000-b30d6000 rw-p 00000000 00:00 0          [stack:12242]
b30d6000-b30d9000 ---p 00000000 00:00 0 
b30d9000-b3127000 rw-p 00000000 00:00 0          [stack:12241]
b3127000-b312a000 ---p 00000000 00:00 0 
b312a000-b3178000 rw-p 00000000 00:00 0          [stack:12240]
b3178000-b317b000 ---p 00000000 00:00 0 
b317b000-b31c9000 rw-p 00000000 00:00 0          [stack:12239]
b31c9000-b31cc000 ---p 00000000 00:00 0 
b31cc000-b321a000 rw-p 00000000 00:00 0          [stack:12299]
b321a000-b321d000 ---p 00000000 00:00 0 
b321d000-b326b000 rw-p 00000000 00:00 0          [stack:12237]
b326b000-b326e000 ---p 00000000 00:00 0 
b326e000-b32bc000 rw-p 00000000 00:00 0          [stack:12236]
b32bc000-b32bf000 ---p 00000000 00:00 0 
b32bf000-b330d000 rw-p 00000000 00:00 0          [stack:12280]
b330d000-b3310000 ---p 00000000 00:00 0 
b3310000-b335e000 rw-p 00000000 00:00 0          [stack:12234]
b335e000-b3361000 ---p 00000000 00:00 0 
b3361000-b33af000 rw-p 00000000 00:00 0          [stack:12233]
b33af000-b33b2000 ---p 00000000 00:00 0 
b33b2000-b3400000 rw-p 00000000 00:00 0          [stack:12232]
b3400000-b3500000 rw-p 00000000 00:00 0 
b3500000-b3600000 rw-p 00000000 00:00 0 
b3600000-b36ff000 rw-p 00000000 00:00 0 
b36ff000-b3700000 ---p 00000000 00:00 0 
b3700000-b37ff000 rw-p 00000000 00:00 0 
b37ff000-b3800000 ---p 00000000 00:00 0 
b3801000-b3803000 rw-p 00000000 00:00 0 
b3803000-b380b000 r-xp 00000000 08:01 8130285    /usr/lib/jvm/java-6-openjdk-i386/jre/lib/i386/libnio.so
b380b000-b380c000 r--p 00007000 08:01 8130285    /usr/lib/jvm/java-6-openjdk-i386/jre/lib/i386/libnio.so
b380c000-b380d000 rw-p 00008000 08:01 8130285    /usr/lib/jvm/java-6-openjdk-i386/jre/lib/i386/libnio.so
b380d000-b3810000 ---p 00000000 00:00 0 
b3810000-b385e000 rw-p 00000000 00:00 0          [stack:12231]
b385e000-b3861000 ---p 00000000 00:00 0 
b3861000-b38af000 rw-p 00000000 00:00 0          [stack:12230]
b38af000-b38b2000 ---p 00000000 00:00 0 
b38b2000-b3900000 rw-p 00000000 00:00 0          [stack:12229]
b3900000-b39fe000 rw-p 00000000 00:00 0 
b39fe000-b3a00000 ---p 00000000 00:00 0 
b3a00000-b3a16000 r-xp 00000000 08:01 8130289    /usr/lib/jvm/java-6-openjdk-i386/jre/lib/i386/libnet.so
b3a16000-b3a17000 r--p 00015000 08:01 8130289    /usr/lib/jvm/java-6-openjdk-i386/jre/lib/i386/libnet.so
b3a17000-b3a18000 rw-p 00016000 08:01 8130289    /usr/lib/jvm/java-6-openjdk-i386/jre/lib/i386/libnet.so
b3a18000-b3a1f000 r-xp 00000000 08:01 8130295    /usr/lib/jvm/java-6-openjdk-i386/jre/lib/i386/libmanagement.so
b3a1f000-b3a20000 r--p 00006000 08:01 8130295    /usr/lib/jvm/java-6-openjdk-i386/jre/lib/i386/libmanagement.so
b3a20000-b3a21000 rw-p 00007000 08:01 8130295    /usr/lib/jvm/java-6-openjdk-i386/jre/lib/i386/libmanagement.so
b3a21000-b3a24000 ---p 00000000 00:00 0 
b3a24000-b3a93000 rw-p 00000000 00:00 0          [stack:12228]
b3a93000-b3ba0000 r--s 0251c000 08:01 6031464    /home/guest/multibit-website/target/original-site-3.1.0.jar
b3ba0000-b3cad000 r--s 0251c000 08:01 6031464    /home/guest/multibit-website/target/original-site-3.1.0.jar
b3cad000-b3cae000 ---p 00000000 00:00 0 
b3cae000-b3d2e000 rw-p 00000000 00:00 0          [stack:12225]
b3d2e000-b3d31000 ---p 00000000 00:00 0 
b3d31000-b3d7f000 rw-p 00000000 00:00 0          [stack:12224]
b3d7f000-b3d82000 ---p 00000000 00:00 0 
b3d82000-b3e00000 rw-p 00000000 00:00 0          [stack:12223]
b3e00000-b4000000 r--p 00000000 08:01 7608952    /usr/lib/locale/locale-archive
b4000000-b406a000 rw-p 00000000 00:00 0 
b406a000-b4100000 ---p 00000000 00:00 0 
b4100000-b4102000 r--s 00013000 08:01 8006250    /usr/lib/jvm/java-6-openjdk-common/jre/lib/jce.jar
b4102000-b4106000 r--s 0003c000 08:01 8006257    /usr/lib/jvm/java-6-openjdk-common/jre/lib/jsse.jar
b4106000-b410d000 r--s 00053000 08:01 8006256    /usr/lib/jvm/java-6-openjdk-common/jre/lib/resources.jar
b410d000-b4110000 ---p 00000000 00:00 0 
b4110000-b415e000 rw-p 00000000 00:00 0          [stack:12222]
b415e000-b4161000 ---p 00000000 00:00 0 
b4161000-b41af000 rw-p 00000000 00:00 0          [stack:12221]
b41af000-b41b2000 ---p 00000000 00:00 0 
b41b2000-b4200000 rw-p 00000000 00:00 0          [stack:12220]
b4200000-b42ff000 rw-p 00000000 00:00 0 
b42ff000-b4300000 ---p 00000000 00:00 0 
b4300000-b4302000 r--s 00001000 08:01 8130230    /usr/lib/jvm/java-6-openjdk-common/jre/lib/ext/dnsns.jar
b4302000-b4305000 r--s 00077000 08:01 8130232    /usr/lib/jvm/java-6-openjdk-common/jre/lib/ext/localedata.jar
b4305000-b4308000 r--s 00031000 08:01 8130229    /usr/lib/jvm/java-6-openjdk-common/jre/lib/ext/sunjce_provider.jar
b4308000-b430c000 r--s 00039000 08:01 8130228    /usr/lib/jvm/java-6-openjdk-common/jre/lib/ext/sunpkcs11.jar
b430c000-b432d000 rw-p 00000000 00:00 0 
b432d000-b432e000 ---p 00000000 00:00 0 
b432e000-b43e1000 rw-p 00000000 00:00 0          [stack:12219]
b43e1000-b4577000 r--s 01a09000 08:01 8130271    /usr/lib/jvm/java-6-openjdk-i386/jre/lib/rt.jar
b4577000-b4586000 rw-p 00000000 00:00 0 
b4586000-b459f000 rw-p 00000000 00:00 0 
b459f000-b45a5000 rw-p 00000000 00:00 0 
b45a5000-b4645000 rw-p 00000000 00:00 0 
b4645000-b4648000 rw-p 00000000 00:00 0 
b4648000-b4697000 rw-p 00000000 00:00 0 
b4697000-b469d000 rw-p 00000000 00:00 0 
b469d000-b473d000 rw-p 00000000 00:00 0 
b473d000-b4745000 rw-p 00000000 00:00 0 
b4745000-b475d000 rw-p 00000000 00:00 0 
b475d000-b4773000 rw-p 00000000 00:00 0 
b4773000-b47e9000 rw-p 00000000 00:00 0 
b47e9000-b4a49000 rwxp 00000000 00:00 0 
b4a49000-b67e9000 rw-p 00000000 00:00 0 
b67e9000-b67f1000 r-xp 00000000 08:01 8130316    /usr/lib/jvm/java-6-openjdk-i386/jre/lib/i386/libzip.so
b67f1000-b67f2000 r--p 00007000 08:01 8130316    /usr/lib/jvm/java-6-openjdk-i386/jre/lib/i386/libzip.so
b67f2000-b67f3000 rw-p 00008000 08:01 8130316    /usr/lib/jvm/java-6-openjdk-i386/jre/lib/i386/libzip.so
b67f3000-b67fe000 r-xp 00000000 08:01 4195355    /lib/i386-linux-gnu/libnss_files-2.15.so
b67fe000-b67ff000 r--p 0000a000 08:01 4195355    /lib/i386-linux-gnu/libnss_files-2.15.so
b67ff000-b6800000 rw-p 0000b000 08:01 4195355    /lib/i386-linux-gnu/libnss_files-2.15.so
b6800000-b6900000 rw-p 00000000 00:00 0 
b6900000-b6902000 r--s 0000f000 08:01 8130231    /usr/lib/jvm/java-6-openjdk-common/jre/lib/ext/pulse-java.jar
b6902000-b690c000 r-xp 00000000 08:01 4195359    /lib/i386-linux-gnu/libnss_nis-2.15.so
b690c000-b690d000 r--p 00009000 08:01 4195359    /lib/i386-linux-gnu/libnss_nis-2.15.so
b690d000-b690e000 rw-p 0000a000 08:01 4195359    /lib/i386-linux-gnu/libnss_nis-2.15.so
b690e000-b6924000 r-xp 00000000 08:01 4195349    /lib/i386-linux-gnu/libnsl-2.15.so
b6924000-b6925000 r--p 00015000 08:01 4195349    /lib/i386-linux-gnu/libnsl-2.15.so
b6925000-b6926000 rw-p 00016000 08:01 4195349    /lib/i386-linux-gnu/libnsl-2.15.so
b6926000-b6928000 rw-p 00000000 00:00 0 
b6928000-b692f000 r-xp 00000000 08:01 4195351    /lib/i386-linux-gnu/libnss_compat-2.15.so
b692f000-b6930000 r--p 00006000 08:01 4195351    /lib/i386-linux-gnu/libnss_compat-2.15.so
b6930000-b6931000 rw-p 00007000 08:01 4195351    /lib/i386-linux-gnu/libnss_compat-2.15.so
b6931000-b6932000 r--s 00007000 08:01 8001569    /usr/share/java/java-atk-wrapper.jar
b6932000-b6933000 r--p 005e0000 08:01 7608952    /usr/lib/locale/locale-archive
b6933000-b6939000 rw-p 00000000 00:00 0 
b6939000-b6941000 rw-s 00000000 08:01 1310747    /tmp/hsperfdata_guest/12217
b6941000-b6969000 r-xp 00000000 08:01 8130298    /usr/lib/jvm/java-6-openjdk-i386/jre/lib/i386/libjava.so
b6969000-b696a000 r--p 00027000 08:01 8130298    /usr/lib/jvm/java-6-openjdk-i386/jre/lib/i386/libjava.so
b696a000-b696c000 rw-p 00028000 08:01 8130298    /usr/lib/jvm/java-6-openjdk-i386/jre/lib/i386/libjava.so
b696c000-b6973000 r-xp 00000000 08:01 4195390    /lib/i386-linux-gnu/librt-2.15.so
b6973000-b6974000 r--p 00006000 08:01 4195390    /lib/i386-linux-gnu/librt-2.15.so
b6974000-b6975000 rw-p 00007000 08:01 4195390    /lib/i386-linux-gnu/librt-2.15.so
b6975000-b6978000 ---p 00000000 00:00 0 
b6978000-b69c6000 rw-p 00000000 00:00 0          [stack:12218]
b69c6000-b69e2000 r-xp 00000000 08:01 4195325    /lib/i386-linux-gnu/libgcc_s.so.1
b69e2000-b69e3000 r--p 0001b000 08:01 4195325    /lib/i386-linux-gnu/libgcc_s.so.1
b69e3000-b69e4000 rw-p 0001c000 08:01 4195325    /lib/i386-linux-gnu/libgcc_s.so.1
b69e4000-b6a0e000 r-xp 00000000 08:01 4195336    /lib/i386-linux-gnu/libm-2.15.so
b6a0e000-b6a0f000 r--p 00029000 08:01 4195336    /lib/i386-linux-gnu/libm-2.15.so
b6a0f000-b6a10000 rw-p 0002a000 08:01 4195336    /lib/i386-linux-gnu/libm-2.15.so
b6a10000-b6ae8000 r-xp 00000000 08:01 7607253    /usr/lib/i386-linux-gnu/libstdc++.so.6.0.16
b6ae8000-b6ae9000 ---p 000d8000 08:01 7607253    /usr/lib/i386-linux-gnu/libstdc++.so.6.0.16
b6ae9000-b6aed000 r--p 000d8000 08:01 7607253    /usr/lib/i386-linux-gnu/libstdc++.so.6.0.16
b6aed000-b6aee000 rw-p 000dc000 08:01 7607253    /usr/lib/i386-linux-gnu/libstdc++.so.6.0.16
b6aee000-b6af5000 rw-p 00000000 00:00 0 
b6af5000-b70a6000 r-xp 00000000 08:01 8130303    /usr/lib/jvm/java-6-openjdk-i386/jre/lib/i386/client/libjvm.so
b70a6000-b70bd000 r--p 005b0000 08:01 8130303    /usr/lib/jvm/java-6-openjdk-i386/jre/lib/i386/client/libjvm.so
b70bd000-b70cc000 rw-p 005c7000 08:01 8130303    /usr/lib/jvm/java-6-openjdk-i386/jre/lib/i386/client/libjvm.so
b70cc000-b74e7000 rw-p 00000000 00:00 0 
b74e7000-b74fb000 r-xp 00000000 08:01 4195415    /lib/i386-linux-gnu/libz.so.1.2.3.4
b74fb000-b74fc000 r--p 00013000 08:01 4195415    /lib/i386-linux-gnu/libz.so.1.2.3.4
b74fc000-b74fd000 rw-p 00014000 08:01 4195415    /lib/i386-linux-gnu/libz.so.1.2.3.4
b74fd000-b76a1000 r-xp 00000000 08:01 4195304    /lib/i386-linux-gnu/libc-2.15.so
b76a1000-b76a3000 r--p 001a4000 08:01 4195304    /lib/i386-linux-gnu/libc-2.15.so
b76a3000-b76a4000 rw-p 001a6000 08:01 4195304    /lib/i386-linux-gnu/libc-2.15.so
b76a4000-b76a7000 rw-p 00000000 00:00 0 
b76a7000-b76aa000 r-xp 00000000 08:01 4195317    /lib/i386-linux-gnu/libdl-2.15.so
b76aa000-b76ab000 r--p 00002000 08:01 4195317    /lib/i386-linux-gnu/libdl-2.15.so
b76ab000-b76ac000 rw-p 00003000 08:01 4195317    /lib/i386-linux-gnu/libdl-2.15.so
b76ac000-b76b0000 r-xp 00000000 08:01 8130280    /usr/lib/jvm/java-6-openjdk-i386/jre/lib/i386/jli/libjli.so
b76b0000-b76b1000 r--p 00003000 08:01 8130280    /usr/lib/jvm/java-6-openjdk-i386/jre/lib/i386/jli/libjli.so
b76b1000-b76b2000 rw-p 00004000 08:01 8130280    /usr/lib/jvm/java-6-openjdk-i386/jre/lib/i386/jli/libjli.so
b76b2000-b76b3000 rw-p 00000000 00:00 0 
b76b3000-b76ca000 r-xp 00000000 08:01 4195384    /lib/i386-linux-gnu/libpthread-2.15.so
b76ca000-b76cb000 r--p 00016000 08:01 4195384    /lib/i386-linux-gnu/libpthread-2.15.so
b76cb000-b76cc000 rw-p 00017000 08:01 4195384    /lib/i386-linux-gnu/libpthread-2.15.so
b76cc000-b76cf000 rw-p 00000000 00:00 0 
b76cf000-b76d0000 r--p 00000000 00:00 0 
b76d0000-b76dc000 r-xp 00000000 08:01 8130297    /usr/lib/jvm/java-6-openjdk-i386/jre/lib/i386/libverify.so
b76dc000-b76dd000 r--p 0000b000 08:01 8130297    /usr/lib/jvm/java-6-openjdk-i386/jre/lib/i386/libverify.so
b76dd000-b76de000 rw-p 0000c000 08:01 8130297    /usr/lib/jvm/java-6-openjdk-i386/jre/lib/i386/libverify.so
b76de000-b76e0000 rw-p 00000000 00:00 0 
b76e0000-b76e1000 r-xp 00000000 00:00 0          [vdso]
b76e1000-b7701000 r-xp 00000000 08:01 4195284    /lib/i386-linux-gnu/ld-2.15.so
b7701000-b7702000 r--p 0001f000 08:01 4195284    /lib/i386-linux-gnu/ld-2.15.so
b7702000-b7703000 rw-p 00020000 08:01 4195284    /lib/i386-linux-gnu/ld-2.15.so
bfa5c000-bfa91000 rw-p 00000000 00:00 0          [stack]

VM Arguments:
java_command: target/site-3.1.0.jar server site-config.yml
Launcher Type: SUN_STANDARD

Environment Variables:
PATH=/usr/lib/lightdm/lightdm:/usr/local/sbin:/usr/local/bin:/usr/sbin:/usr/bin:/sbin:/bin:/usr/games
LD_LIBRARY_PATH=/usr/lib/jvm/java-6-openjdk-i386/jre/lib/i386/client:/usr/lib/jvm/java-6-openjdk-i386/jre/lib/i386:/usr/lib/jvm/java-6-openjdk-i386/jre/../lib/i386
SHELL=/bin/bash
DISPLAY=:0.0

Signal Handlers:
SIGSEGV: [libjvm.so+0x46eb60], sa_mask[0]=0x7ffbfeff, sa_flags=0x10000004
SIGBUS: [libjvm.so+0x46eb60], sa_mask[0]=0x7ffbfeff, sa_flags=0x10000004
SIGFPE: [libjvm.so+0x376c20], sa_mask[0]=0x7ffbfeff, sa_flags=0x10000004
SIGPIPE: SIG_IGN, sa_mask[0]=0x00000000, sa_flags=0x00000000
SIGXFSZ: [libjvm.so+0x376c20], sa_mask[0]=0x7ffbfeff, sa_flags=0x10000004
SIGILL: [libjvm.so+0x376c20], sa_mask[0]=0x7ffbfeff, sa_flags=0x10000004
SIGUSR1: SIG_DFL, sa_mask[0]=0x00000000, sa_flags=0x00000000
SIGUSR2: [libjvm.so+0x376ab0], sa_mask[0]=0x00000000, sa_flags=0x10000004
SIGHUP: [libjvm.so+0x377110], sa_mask[0]=0x7ffbfeff, sa_flags=0x10000004
SIGINT: [libjvm.so+0x377110], sa_mask[0]=0x7ffbfeff, sa_flags=0x10000004
SIGTERM: [libjvm.so+0x377110], sa_mask[0]=0x7ffbfeff, sa_flags=0x10000004
SIGQUIT: [libjvm.so+0x377110], sa_mask[0]=0x7ffbfeff, sa_flags=0x10000004


---------------  S Y S T E M  ---------------

OS:Ubuntu 12.04 (precise)
uname:Linux 3.11.0-15-generic #25~precise1-Ubuntu SMP Thu Jan 30 17:42:40 UTC 2014 i686
libc:glibc 2.15 NPTL 2.15 
rlimit: STACK 8192k, CORE 0k, NPROC 7796, NOFILE 4096, AS infinity
load average:0.37 0.44 0.57

/proc/meminfo:
MemTotal:        1015620 kB
MemFree:          145368 kB
Buffers:           19868 kB
Cached:           477984 kB
SwapCached:         6788 kB
Active:           328680 kB
Inactive:         475956 kB
Active(anon):     119944 kB
Inactive(anon):   290380 kB
Active(file):     208736 kB
Inactive(file):   185576 kB
Unevictable:          16 kB
Mlocked:              16 kB
HighTotal:        125512 kB
HighFree:           1680 kB
LowTotal:         890108 kB
LowFree:          143688 kB
SwapTotal:       1037308 kB
SwapFree:         975740 kB
Dirty:                12 kB
Writeback:             0 kB
AnonPages:        302156 kB
Mapped:            66640 kB
Shmem:            103388 kB
Slab:              33104 kB
SReclaimable:      18636 kB
SUnreclaim:        14468 kB
KernelStack:        3200 kB
PageTables:         6976 kB
NFS_Unstable:          0 kB
Bounce:                0 kB
WritebackTmp:          0 kB
CommitLimit:     1545116 kB
Committed_AS:    2403628 kB
VmallocTotal:     122880 kB
VmallocUsed:       10248 kB
VmallocChunk:     108404 kB
HardwareCorrupted:     0 kB
AnonHugePages:         0 kB
HugePages_Total:       0
HugePages_Free:        0
HugePages_Rsvd:        0
HugePages_Surp:        0
Hugepagesize:       2048 kB
DirectMap4k:       12280 kB
DirectMap2M:      901120 kB


CPU:total 2 (1 cores per cpu, 2 threads per core) family 6 model 28 stepping 10, cmov, cx8, fxsr, mmx, sse, sse2, sse3, ssse3, ht, tsc

/proc/cpuinfo:
processor	: 0
vendor_id	: GenuineIntel
cpu family	: 6
model		: 28
model name	: Intel(R) Atom(TM) CPU N450   @ 1.66GHz
stepping	: 10
microcode	: 0x107
cpu MHz		: 1667.000
cache size	: 512 KB
physical id	: 0
siblings	: 2
core id		: 0
cpu cores	: 1
apicid		: 0
initial apicid	: 0
fdiv_bug	: no
f00f_bug	: no
coma_bug	: no
fpu		: yes
fpu_exception	: yes
cpuid level	: 10
wp		: yes
flags		: fpu vme de pse tsc msr pae mce cx8 apic sep mtrr pge mca cmov pat clflush dts acpi mmx fxsr sse sse2 ss ht tm pbe nx lm constant_tsc arch_perfmon pebs bts aperfmperf pni dtes64 monitor ds_cpl est tm2 ssse3 cx16 xtpr pdcm movbe lahf_lm dtherm
bogomips	: 3333.32
clflush size	: 64
cache_alignment	: 64
address sizes	: 32 bits physical, 48 bits virtual
power management:

processor	: 1
vendor_id	: GenuineIntel
cpu family	: 6
model		: 28
model name	: Intel(R) Atom(TM) CPU N450   @ 1.66GHz
stepping	: 10
microcode	: 0x107
cpu MHz		: 1000.000
cache size	: 512 KB
physical id	: 0
siblings	: 2
core id		: 0
cpu cores	: 1
apicid		: 1
initial apicid	: 1
fdiv_bug	: no
f00f_bug	: no
coma_bug	: no
fpu		: yes
fpu_exception	: yes
cpuid level	: 10
wp		: yes
flags		: fpu vme de pse tsc msr pae mce cx8 apic sep mtrr pge mca cmov pat clflush dts acpi mmx fxsr sse sse2 ss ht tm pbe nx lm constant_tsc arch_perfmon pebs bts aperfmperf pni dtes64 monitor ds_cpl est tm2 ssse3 cx16 xtpr pdcm movbe lahf_lm dtherm
bogomips	: 3333.32
clflush size	: 64
cache_alignment	: 64
address sizes	: 32 bits physical, 48 bits virtual
power management:



Memory: 4k page, physical 1015620k(145368k free), swap 1037308k(975740k free)

vm_info: OpenJDK Client VM (23.25-b01) for linux-x86 JRE (1.6.0_30-b30), built on Mar 26 2014 14:16:59 by "buildd" with gcc 4.6.3

time: Wed Apr 16 00:03:07 2014
elapsed time: 769 seconds

